2023-12-23 18:10:53,977 INFO o.a.j.u.JMeterUtils: Setting Locale to ru_RU
2023-12-23 18:10:53,999 ERROR o.a.j.u.JMeterUtils: Could not find resources for 'ru_RU'
2023-12-23 18:10:54,009 INFO o.a.j.JMeter: Loading user properties from: C:\Users\Anastasiia\Desktop\AUK\SDT 503 Software Verification, Validation and Testing\Jmeter\Asignment_3_module_5_6\apache-jmeter-5.6.2\bin\user.properties
2023-12-23 18:10:54,009 INFO o.a.j.JMeter: Loading system properties from: C:\Users\Anastasiia\Desktop\AUK\SDT 503 Software Verification, Validation and Testing\Jmeter\Asignment_3_module_5_6\apache-jmeter-5.6.2\bin\system.properties
2023-12-23 18:10:54,019 INFO o.a.j.JMeter: Copyright (c) 1998-2023 The Apache Software Foundation
2023-12-23 18:10:54,019 INFO o.a.j.JMeter: Version 5.6.2
2023-12-23 18:10:54,019 INFO o.a.j.JMeter: java.version=1.8.0_391
2023-12-23 18:10:54,019 INFO o.a.j.JMeter: java.vm.name=Java HotSpot(TM) Client VM
2023-12-23 18:10:54,019 INFO o.a.j.JMeter: os.name=Windows 10
2023-12-23 18:10:54,019 INFO o.a.j.JMeter: os.arch=x86
2023-12-23 18:10:54,019 INFO o.a.j.JMeter: os.version=10.0
2023-12-23 18:10:54,019 INFO o.a.j.JMeter: file.encoding=Cp1251
2023-12-23 18:10:54,019 INFO o.a.j.JMeter: java.awt.headless=true
2023-12-23 18:10:54,019 INFO o.a.j.JMeter: Max memory     =259522560
2023-12-23 18:10:54,019 INFO o.a.j.JMeter: Available Processors =16
2023-12-23 18:10:54,035 INFO o.a.j.JMeter: Default Locale=ðóññêèé (Ðîññèÿ)
2023-12-23 18:10:54,035 INFO o.a.j.JMeter: JMeter  Locale=ðóññêèé (Ðîññèÿ)
2023-12-23 18:10:54,035 INFO o.a.j.JMeter: JMeterHome=C:\Users\Anastasiia\Desktop\AUK\SDT 503 Software Verification, Validation and Testing\Jmeter\Asignment_3_module_5_6\apache-jmeter-5.6.2
2023-12-23 18:10:54,035 INFO o.a.j.JMeter: user.dir  =C:\Users\Anastasiia\Desktop\AUK\SDT 503 Software Verification, Validation and Testing\Jmeter\Asignment_3_module_5_6
2023-12-23 18:10:54,035 INFO o.a.j.JMeter: PWD       =C:\Users\Anastasiia\Desktop\AUK\SDT 503 Software Verification, Validation and Testing\Jmeter\Asignment_3_module_5_6
2023-12-23 18:10:54,035 INFO o.a.j.JMeter: IP: 192.168.0.100 Name: DESKTOP-9MJGITC FullName: DESKTOP-9MJGITC
2023-12-23 18:10:54,074 INFO o.a.j.JMeter: Setting property 'jmeter.reportgenerator.outputdir' to:'C:\Users\Anastasiia\Desktop\AUK\SDT 503 Software Verification, Validation and Testing\Jmeter\Asignment_3_module_5_6\.\result'
2023-12-23 18:10:54,083 INFO o.a.j.s.FileServer: Default base='C:\Users\Anastasiia\Desktop\AUK\SDT 503 Software Verification, Validation and Testing\Jmeter\Asignment_3_module_5_6'
2023-12-23 18:10:54,083 INFO o.a.j.s.FileServer: Set new base='C:\Users\Anastasiia\Desktop\AUK\SDT 503 Software Verification, Validation and Testing\Jmeter\Asignment_3_module_5_6'
2023-12-23 18:10:54,319 INFO o.a.j.s.SaveService: Testplan (JMX) version: 2.2. Testlog (JTL) version: 2.2
2023-12-23 18:10:54,372 INFO o.a.j.s.SaveService: Using SaveService properties file encoding UTF-8
2023-12-23 18:10:54,381 INFO o.a.j.s.SaveService: Using SaveService properties version 5.0
2023-12-23 18:10:54,394 INFO o.a.j.s.SaveService: Loading file: AUK-JMeter.jmx
2023-12-23 18:10:54,559 INFO o.a.j.p.h.s.HTTPSamplerBase: Parser for text/html is org.apache.jmeter.protocol.http.parser.LagartoBasedHtmlParser
2023-12-23 18:10:54,559 INFO o.a.j.p.h.s.HTTPSamplerBase: Parser for application/xhtml+xml is org.apache.jmeter.protocol.http.parser.LagartoBasedHtmlParser
2023-12-23 18:10:54,559 INFO o.a.j.p.h.s.HTTPSamplerBase: Parser for application/xml is org.apache.jmeter.protocol.http.parser.LagartoBasedHtmlParser
2023-12-23 18:10:54,559 INFO o.a.j.p.h.s.HTTPSamplerBase: Parser for text/xml is org.apache.jmeter.protocol.http.parser.LagartoBasedHtmlParser
2023-12-23 18:10:54,559 INFO o.a.j.p.h.s.HTTPSamplerBase: Parser for text/vnd.wap.wml is org.apache.jmeter.protocol.http.parser.RegexpHTMLParser
2023-12-23 18:10:54,559 INFO o.a.j.p.h.s.HTTPSamplerBase: Parser for text/css is org.apache.jmeter.protocol.http.parser.CssParser
2023-12-23 18:10:55,087 INFO o.a.j.JMeter: Creating summariser <summary>
2023-12-23 18:10:55,098 INFO o.a.j.r.d.ReportGenerator: ReportGenerator will use for Parsing the separator: ','
2023-12-23 18:10:55,098 INFO o.a.j.r.d.ReportGenerator: Will generate report at end of test from  results file: ./result.jtl
2023-12-23 18:10:55,098 INFO o.a.j.r.d.ReportGenerator: Reading report generator properties from: C:\Users\Anastasiia\Desktop\AUK\SDT 503 Software Verification, Validation and Testing\Jmeter\Asignment_3_module_5_6\apache-jmeter-5.6.2\bin\reportgenerator.properties
2023-12-23 18:10:55,098 INFO o.a.j.r.d.ReportGenerator: Merging with JMeter properties
2023-12-23 18:10:55,106 INFO o.a.j.r.c.ReportGeneratorConfiguration: Property 'jmeter.reportgenerator.temp_dir' not found, using default value 'temp' instead.
2023-12-23 18:10:55,114 INFO o.a.j.r.c.ReportGeneratorConfiguration: Property 'jmeter.reportgenerator.apdex_per_transaction' not found, using default value 'null' instead.
2023-12-23 18:10:55,114 INFO o.a.j.r.c.ReportGeneratorConfiguration: apdex_per_transaction is empty, not APDEX per transaction customization
2023-12-23 18:10:55,114 INFO o.a.j.r.c.ReportGeneratorConfiguration: Property 'jmeter.reportgenerator.sample_filter' not found, using default value 'null' instead.
2023-12-23 18:10:55,114 INFO o.a.j.r.c.ReportGeneratorConfiguration: Property 'jmeter.reportgenerator.report_title' not found, using default value 'null' instead.
2023-12-23 18:10:55,114 INFO o.a.j.r.c.ReportGeneratorConfiguration: Property 'jmeter.reportgenerator.start_date' not found, using default value 'null' instead.
2023-12-23 18:10:55,114 INFO o.a.j.r.c.ReportGeneratorConfiguration: Property 'jmeter.reportgenerator.end_date' not found, using default value 'null' instead.
2023-12-23 18:10:55,114 INFO o.a.j.r.c.ReportGeneratorConfiguration: Property 'jmeter.reportgenerator.date_format' not found, using default value 'null' instead.
2023-12-23 18:10:55,114 INFO o.a.j.r.c.ReportGeneratorConfiguration: Will use date range start date: null, end date: null
2023-12-23 18:10:55,122 INFO o.a.j.r.c.ReportGeneratorConfiguration: Property 'jmeter.reportgenerator.graph.totalTPS.exclude_controllers' not found, using default value 'false' instead.
2023-12-23 18:10:55,122 INFO o.a.j.r.c.ReportGeneratorConfiguration: Property 'jmeter.reportgenerator.graph.activeThreadsOverTime.exclude_controllers' not found, using default value 'false' instead.
2023-12-23 18:10:55,122 INFO o.a.j.r.c.ReportGeneratorConfiguration: Property 'jmeter.reportgenerator.graph.timeVsThreads.exclude_controllers' not found, using default value 'false' instead.
2023-12-23 18:10:55,122 INFO o.a.j.r.c.ReportGeneratorConfiguration: Property 'jmeter.reportgenerator.graph.responseTimeDistribution.exclude_controllers' not found, using default value 'false' instead.
2023-12-23 18:10:55,122 INFO o.a.j.r.c.ReportGeneratorConfiguration: Property 'jmeter.reportgenerator.graph.transactionsPerSecond.exclude_controllers' not found, using default value 'false' instead.
2023-12-23 18:10:55,122 INFO o.a.j.r.c.ReportGeneratorConfiguration: Property 'jmeter.reportgenerator.graph.responseTimePercentiles.exclude_controllers' not found, using default value 'false' instead.
2023-12-23 18:10:55,122 INFO o.a.j.r.c.ReportGeneratorConfiguration: Property 'jmeter.reportgenerator.graph.responseTimePercentilesOverTime.exclude_controllers' not found, using default value 'false' instead.
2023-12-23 18:10:55,122 INFO o.a.j.r.c.ReportGeneratorConfiguration: Property 'jmeter.reportgenerator.graph.responseTimesOverTime.exclude_controllers' not found, using default value 'false' instead.
2023-12-23 18:10:55,122 INFO o.a.j.r.c.ReportGeneratorConfiguration: Property 'jmeter.reportgenerator.graph.connectTimeOverTime.exclude_controllers' not found, using default value 'false' instead.
2023-12-23 18:10:55,122 INFO o.a.j.r.c.ReportGeneratorConfiguration: Property 'jmeter.reportgenerator.graph.latenciesOverTime.exclude_controllers' not found, using default value 'false' instead.
2023-12-23 18:10:55,122 INFO o.a.j.r.c.ReportGeneratorConfiguration: Property 'jmeter.reportgenerator.exporter.json.filters_only_sample_series' not found, using default value 'true' instead.
2023-12-23 18:10:55,122 INFO o.a.j.r.c.ReportGeneratorConfiguration: Property 'jmeter.reportgenerator.exporter.json.series_filter' not found, using default value '' instead.
2023-12-23 18:10:55,122 INFO o.a.j.r.c.ReportGeneratorConfiguration: Property 'jmeter.reportgenerator.exporter.json.show_controllers_only' not found, using default value 'false' instead.
2023-12-23 18:10:55,122 INFO o.a.j.r.c.ReportGeneratorConfiguration: Property 'jmeter.reportgenerator.exporter.html.filters_only_sample_series' not found, using default value 'true' instead.
2023-12-23 18:10:55,122 INFO o.a.j.r.c.ReportGeneratorConfiguration: Property 'jmeter.reportgenerator.exporter.html.series_filter' not found, using default value '' instead.
2023-12-23 18:10:55,122 INFO o.a.j.r.c.ReportGeneratorConfiguration: Property 'jmeter.reportgenerator.exporter.html.show_controllers_only' not found, using default value 'false' instead.
2023-12-23 18:10:55,130 INFO o.a.j.e.StandardJMeterEngine: Running the test!
2023-12-23 18:10:55,130 INFO o.a.j.s.SampleEvent: List of sample_variables: []
2023-12-23 18:10:55,130 INFO o.a.j.s.SampleEvent: List of sample_variables: []
2023-12-23 18:10:55,140 INFO o.a.j.e.u.CompoundVariable: Note: Function class names must contain the string: '.functions.'
2023-12-23 18:10:55,140 INFO o.a.j.e.u.CompoundVariable: Note: Function class names must not contain the string: '.gui.'
2023-12-23 18:10:55,599 INFO o.a.j.JMeter: Running test (1703347855599)
2023-12-23 18:10:55,631 INFO o.a.j.e.StandardJMeterEngine: Starting ThreadGroup: 1 : Thread Group
2023-12-23 18:10:55,631 INFO o.a.j.e.StandardJMeterEngine: Starting 1 threads for group Thread Group.
2023-12-23 18:10:55,631 INFO o.a.j.e.StandardJMeterEngine: Thread will continue on error
2023-12-23 18:10:55,631 INFO o.a.j.t.ThreadGroup: Starting thread group... number=1 threads=1 ramp-up=1 delayedStart=false
2023-12-23 18:10:55,631 INFO o.a.j.t.ThreadGroup: Started thread group number 1
2023-12-23 18:10:55,631 INFO o.a.j.e.StandardJMeterEngine: All thread groups have been started
2023-12-23 18:10:55,685 INFO o.a.j.t.JMeterThread: Thread started: Thread Group 1-1
2023-12-23 18:10:55,685 INFO o.a.j.s.FileServer: Stored: ./users.csv
2023-12-23 18:10:55,722 INFO o.a.j.p.h.s.HTTPHCAbstractImpl: Local host = DESKTOP-9MJGITC
2023-12-23 18:10:55,731 INFO o.a.j.p.h.s.HTTPHC4Impl: HTTP request retry count = 0
2023-12-23 18:10:55,731 INFO o.a.j.s.SampleResult: Note: Sample TimeStamps are START times
2023-12-23 18:10:55,731 INFO o.a.j.s.SampleResult: sampleresult.default.encoding is set to UTF-8
2023-12-23 18:10:55,731 INFO o.a.j.s.SampleResult: sampleresult.useNanoTime=true
2023-12-23 18:10:55,731 INFO o.a.j.s.SampleResult: sampleresult.nanoThreadSleep=5000
2023-12-23 18:10:56,026 INFO o.a.j.p.h.s.h.LazyLayeredConnectionSocketFactory: Setting up HTTPS TrustAll Socket Factory
2023-12-23 18:10:56,042 INFO o.a.j.u.JsseSSLManager: Using default SSL protocol: TLS
2023-12-23 18:10:56,042 INFO o.a.j.u.JsseSSLManager: SSL session context: per-thread
2023-12-23 18:10:56,836 INFO o.a.j.u.SSLManager: JmeterKeyStore Location:  type JKS
2023-12-23 18:10:56,845 INFO o.a.j.u.SSLManager: KeyStore created OK
2023-12-23 18:10:56,845 WARN o.a.j.u.SSLManager: Keystore file not found, loading empty keystore
2023-12-23 18:10:58,275 INFO o.a.j.t.JMeterThread: Thread is done: Thread Group 1-1
2023-12-23 18:10:58,275 INFO o.a.j.t.JMeterThread: Thread finished: Thread Group 1-1
2023-12-23 18:10:58,275 INFO o.a.j.e.StandardJMeterEngine: Notifying test listeners of end of test
2023-12-23 18:10:58,275 INFO o.a.j.s.FileServer: Close: ./users.csv
2023-12-23 18:10:58,275 INFO o.a.j.r.Summariser: summary =      2 in 00:00:03 =    0,7/s Avg:  1093 Min:   130 Max:  2057 Err:     0 (0,00%)
2023-12-23 18:10:58,287 INFO o.a.j.JMeter: Generating Dashboard
2023-12-23 18:10:58,287 INFO o.a.j.r.d.ReportGenerator: Flushing result collector before report Generation
2023-12-23 18:10:58,319 INFO o.a.j.r.p.NormalizerSampleConsumer: Using format, 'ms', to parse timeStamp field
2023-12-23 18:10:58,511 INFO o.a.j.r.p.AbstractSampleConsumer: class org.apache.jmeter.report.processor.AggregateConsumer#stopProducing(): beginDate produced 0 samples
2023-12-23 18:10:58,511 INFO o.a.j.r.p.AbstractSampleConsumer: class org.apache.jmeter.report.processor.AggregateConsumer#stopProducing(): endDate produced 0 samples
2023-12-23 18:10:58,516 INFO o.a.j.r.p.AbstractSampleConsumer: class org.apache.jmeter.report.processor.ApdexSummaryConsumer#stopProducing(): apdexSummary produced 0 samples
2023-12-23 18:10:58,516 INFO o.a.j.r.p.AbstractSampleConsumer: class org.apache.jmeter.report.processor.RequestsSummaryConsumer#stopProducing(): requestsSummary produced 0 samples
2023-12-23 18:10:58,522 INFO o.a.j.r.p.AbstractSampleConsumer: class org.apache.jmeter.report.processor.StatisticsSummaryConsumer#stopProducing(): statisticsSummary produced 0 samples
2023-12-23 18:10:58,531 INFO o.a.j.r.p.AbstractSampleConsumer: class org.apache.jmeter.report.processor.Top5ErrorsBySamplerConsumer#stopProducing(): top5ErrorsBySampler produced 0 samples
2023-12-23 18:10:58,531 INFO o.a.j.r.p.AbstractSampleConsumer: class org.apache.jmeter.report.processor.ErrorsSummaryConsumer#stopProducing(): errorsSummary produced 0 samples
2023-12-23 18:10:58,531 INFO o.a.j.r.p.AbstractSampleConsumer: class org.apache.jmeter.report.processor.graph.impl.HitsPerSecondGraphConsumer#stopProducing(): hitsPerSecond produced 0 samples
2023-12-23 18:10:58,554 INFO o.a.j.r.p.AbstractSampleConsumer: class org.apache.jmeter.report.processor.graph.impl.LatencyVSRequestGraphConsumer#stopProducing(): latencyVsRequest produced 0 samples
2023-12-23 18:10:58,554 INFO o.a.j.r.p.AbstractSampleConsumer: class org.apache.jmeter.report.processor.graph.impl.SyntheticResponseTimeDistributionGraphConsumer#stopProducing(): syntheticResponseTimeDistribution produced 0 samples
2023-12-23 18:10:58,562 INFO o.a.j.r.p.AbstractSampleConsumer: class org.apache.jmeter.report.processor.graph.impl.BytesThroughputGraphConsumer#stopProducing(): bytesThroughputOverTime produced 0 samples
2023-12-23 18:10:58,562 INFO o.a.j.r.p.AbstractSampleConsumer: class org.apache.jmeter.report.processor.graph.impl.CodesPerSecondGraphConsumer#stopProducing(): codesPerSecond produced 0 samples
2023-12-23 18:10:58,570 INFO o.a.j.r.p.AbstractSampleConsumer: class org.apache.jmeter.report.processor.graph.impl.ResponseTimeVSRequestGraphConsumer#stopProducing(): responseTimeVsRequest produced 0 samples
2023-12-23 18:10:58,570 INFO o.a.j.r.p.AbstractSampleConsumer: class org.apache.jmeter.report.processor.FilterConsumer#stopProducing(): startIntervalControlerFilter produced 14 samples
2023-12-23 18:10:58,570 INFO o.a.j.r.p.AbstractSampleConsumer: class org.apache.jmeter.report.processor.graph.impl.TotalTPSGraphConsumer#stopProducing(): totalTPS produced 0 samples
2023-12-23 18:10:58,570 INFO o.a.j.r.p.AbstractSampleConsumer: class org.apache.jmeter.report.processor.graph.impl.ActiveThreadsGraphConsumer#stopProducing(): activeThreadsOverTime produced 0 samples
2023-12-23 18:10:58,570 INFO o.a.j.r.p.AbstractSampleConsumer: class org.apache.jmeter.report.processor.graph.impl.TimeVSThreadGraphConsumer#stopProducing(): timeVsThreads produced 0 samples
2023-12-23 18:10:58,570 INFO o.a.j.r.p.AbstractSampleConsumer: class org.apache.jmeter.report.processor.graph.impl.ResponseTimeDistributionGraphConsumer#stopProducing(): responseTimeDistribution produced 0 samples
2023-12-23 18:10:58,570 INFO o.a.j.r.p.AbstractSampleConsumer: class org.apache.jmeter.report.processor.graph.impl.TransactionsPerSecondGraphConsumer#stopProducing(): transactionsPerSecond produced 0 samples
2023-12-23 18:10:58,570 INFO o.a.j.r.p.AbstractSampleConsumer: class org.apache.jmeter.report.processor.graph.impl.ResponseTimePercentilesGraphConsumer#stopProducing(): responseTimePercentiles produced 0 samples
2023-12-23 18:10:58,570 INFO o.a.j.r.p.AbstractSampleConsumer: class org.apache.jmeter.report.processor.graph.impl.ResponseTimePercentilesOverTimeGraphConsumer#stopProducing(): responseTimePercentilesOverTime produced 0 samples
2023-12-23 18:10:58,570 INFO o.a.j.r.p.AbstractSampleConsumer: class org.apache.jmeter.report.processor.graph.impl.ResponseTimeOverTimeGraphConsumer#stopProducing(): responseTimesOverTime produced 0 samples
2023-12-23 18:10:58,570 INFO o.a.j.r.p.AbstractSampleConsumer: class org.apache.jmeter.report.processor.graph.impl.ConnectTimeOverTimeGraphConsumer#stopProducing(): connectTimeOverTime produced 0 samples
2023-12-23 18:10:58,570 INFO o.a.j.r.p.AbstractSampleConsumer: class org.apache.jmeter.report.processor.graph.impl.LatencyOverTimeGraphConsumer#stopProducing(): latenciesOverTime produced 0 samples
2023-12-23 18:10:58,570 INFO o.a.j.r.p.AbstractSampleConsumer: class org.apache.jmeter.report.processor.FilterConsumer#stopProducing(): nameFilter produced 30 samples
2023-12-23 18:10:58,570 INFO o.a.j.r.p.AbstractSampleConsumer: class org.apache.jmeter.report.processor.FilterConsumer#stopProducing(): dateRangeFilter produced 6 samples
2023-12-23 18:10:58,570 INFO o.a.j.r.p.AbstractSampleConsumer: class org.apache.jmeter.report.processor.NormalizerSampleConsumer#stopProducing(): normalizer produced 2 samples
2023-12-23 18:10:58,578 INFO o.a.j.r.p.CsvFileSampleSource: produce(): 2 samples produced in 113ms on channel 0
2023-12-23 18:10:58,579 INFO o.a.j.r.d.ReportGenerator: Exporting data using exporter:'json' of className:'org.apache.jmeter.report.dashboard.JsonExporter'
2023-12-23 18:10:58,586 INFO o.a.j.r.d.JsonExporter: Found data for consumer statisticsSummary in context
2023-12-23 18:10:58,586 INFO o.a.j.r.d.JsonExporter: Creating statistics for overall
2023-12-23 18:10:58,586 INFO o.a.j.r.d.JsonExporter: Creating statistics for other transactions
2023-12-23 18:10:58,586 INFO o.a.j.r.d.JsonExporter: Checking output folder
2023-12-23 18:10:58,586 INFO o.a.j.r.d.JsonExporter: Writing statistics JSON to C:\Users\Anastasiia\Desktop\AUK\SDT 503 Software Verification, Validation and Testing\Jmeter\Asignment_3_module_5_6\.\result\statistics.json
2023-12-23 18:10:58,671 INFO o.a.j.r.d.ReportGenerator: Exporting data using exporter:'html' of className:'org.apache.jmeter.report.dashboard.HtmlTemplateExporter'
2023-12-23 18:10:58,680 INFO o.a.j.r.d.HtmlTemplateExporter: Will generate dashboard in folder: C:\Users\Anastasiia\Desktop\AUK\SDT 503 Software Verification, Validation and Testing\Jmeter\Asignment_3_module_5_6\.\result
2023-12-23 18:10:58,895 INFO o.a.j.r.d.HtmlTemplateExporter: Report will be generated in: C:\Users\Anastasiia\Desktop\AUK\SDT 503 Software Verification, Validation and Testing\Jmeter\Asignment_3_module_5_6\.\result, creating folder structure
2023-12-23 18:10:58,895 INFO o.a.j.r.d.TemplateVisitor: Copying folder from 'C:\Users\Anastasiia\Desktop\AUK\SDT 503 Software Verification, Validation and Testing\Jmeter\Asignment_3_module_5_6\apache-jmeter-5.6.2\bin\report-template' to 'C:\Users\Anastasiia\Desktop\AUK\SDT 503 Software Verification, Validation and Testing\Jmeter\Asignment_3_module_5_6\.\result', got message: C:\Users\Anastasiia\Desktop\AUK\SDT 503 Software Verification, Validation and Testing\Jmeter\Asignment_3_module_5_6\.\result, found non empty folder with following content [C:\Users\Anastasiia\Desktop\AUK\SDT 503 Software Verification, Validation and Testing\Jmeter\Asignment_3_module_5_6\.\result\statistics.json], will be ignored
2023-12-23 18:10:59,480 INFO o.a.j.JMeter: Dashboard generated
